# JRE version: OpenJDK Runtime Environment Temurin-17.0.2+8 (17.0.2+8) (build 17.0.2+8)
# Java VM: OpenJDK 64-Bit Server VM Temurin-17.0.2+8 (17.0.2+8, mixed mode, emulated-client, tiered, compressed oops, compressed class ptrs, g1 gc, windows-amd64)
GC Precious Log:
 CPUs: 4 total, 4 available
 Memory: 4007M
 Large Page Support: Disabled
 NUMA Support: Disabled
 Compressed Oops: Enabled (32-bit)
 Heap Region Size: 1M
 Heap Min Capacity: 8M
 Heap Initial Capacity: 64M
 Heap Max Capacity: 1002M
 Pre-touch: Disabled
 Parallel Workers: 4
 Concurrent Workers: 1
 Concurrent Refinement Workers: 4
 Periodic GC: Disabled
Heap:
 garbage-first heap   total 40960K, used 13067K [0x00000000c1600000, 0x0000000100000000)
  region size 1024K, 1 young (1024K), 0 survivors (0K)
 Metaspace       used 31804K, committed 32256K, reserved 1081344K
  class space    used 4105K, committed 4288K, reserved 1048576K
GC Heap History (20 events):
Event: 1504.035 GC heap before
{Heap before GC invocations=150 (full 140):
 garbage-first heap   total 40960K, used 13067K [0x00000000c1600000, 0x0000000100000000)
  region size 1024K, 1 young (1024K), 0 survivors (0K)
 Metaspace       used 31804K, committed 32256K, reserved 1081344K
  class space    used 4105K, committed 4288K, reserved 1048576K
}
Event: 1504.065 GC heap after
{Heap after GC invocations=151 (full 141):
 garbage-first heap   total 40960K, used 13067K [0x00000000c1600000, 0x0000000100000000)
  region size 1024K, 0 young (0K), 0 survivors (0K)
 Metaspace       used 31804K, committed 32256K, reserved 1081344K
  class space    used 4105K, committed 4288K, reserved 1048576K
}
Event: 1514.317 GC heap before
{Heap before GC invocations=151 (full 141):
 garbage-first heap   total 40960K, used 13067K [0x00000000c1600000, 0x0000000100000000)
  region size 1024K, 1 young (1024K), 0 survivors (0K)
 Metaspace       used 31804K, committed 32256K, reserved 1081344K
  class space    used 4105K, committed 4288K, reserved 1048576K
}
Event: 1514.348 GC heap after
{Heap after GC invocations=152 (full 142):
 garbage-first heap   total 40960K, used 13067K [0x00000000c1600000, 0x0000000100000000)
  region size 1024K, 0 young (0K), 0 survivors (0K)
 Metaspace       used 31804K, committed 32256K, reserved 1081344K
  class space    used 4105K, committed 4288K, reserved 1048576K
}
Event: 1524.616 GC heap before
{Heap before GC invocations=152 (full 142):
 garbage-first heap   total 40960K, used 13067K [0x00000000c1600000, 0x0000000100000000)
  region size 1024K, 1 young (1024K), 0 survivors (0K)
 Metaspace       used 31804K, committed 32256K, reserved 1081344K
  class space    used 4105K, committed 4288K, reserved 1048576K
}
Event: 1524.651 GC heap after
{Heap after GC invocations=153 (full 143):
 garbage-first heap   total 40960K, used 13067K [0x00000000c1600000, 0x0000000100000000)
  region size 1024K, 0 young (0K), 0 survivors (0K)
 Metaspace       used 31804K, committed 32256K, reserved 1081344K
  class space    used 4105K, committed 4288K, reserved 1048576K
}
Event: 1534.882 GC heap before
{Heap before GC invocations=153 (full 143):
 garbage-first heap   total 40960K, used 13067K [0x00000000c1600000, 0x0000000100000000)
  region size 1024K, 1 young (1024K), 0 survivors (0K)
 Metaspace       used 31804K, committed 32256K, reserved 1081344K
  class space    used 4105K, committed 4288K, reserved 1048576K
}
Event: 1534.912 GC heap after
{Heap after GC invocations=154 (full 144):
 garbage-first heap   total 40960K, used 13067K [0x00000000c1600000, 0x0000000100000000)
  region size 1024K, 0 young (0K), 0 survivors (0K)
 Metaspace       used 31804K, committed 32256K, reserved 1081344K
  class space    used 4105K, committed 4288K, reserved 1048576K
}
Event: 1545.413 GC heap before
{Heap before GC invocations=154 (full 144):
 garbage-first heap   total 40960K, used 13067K [0x00000000c1600000, 0x0000000100000000)
  region size 1024K, 1 young (1024K), 0 survivors (0K)
 Metaspace       used 31804K, committed 32256K, reserved 1081344K
  class space    used 4105K, committed 4288K, reserved 1048576K
}
Event: 1545.449 GC heap after
{Heap after GC invocations=155 (full 145):
 garbage-first heap   total 40960K, used 13067K [0x00000000c1600000, 0x0000000100000000)
  region size 1024K, 0 young (0K), 0 survivors (0K)
 Metaspace       used 31804K, committed 32256K, reserved 1081344K
  class space    used 4105K, committed 4288K, reserved 1048576K
}
Event: 1555.753 GC heap before
{Heap before GC invocations=155 (full 145):
 garbage-first heap   total 40960K, used 13067K [0x00000000c1600000, 0x0000000100000000)
  region size 1024K, 1 young (1024K), 0 survivors (0K)
 Metaspace       used 31804K, committed 32256K, reserved 1081344K
  class space    used 4105K, committed 4288K, reserved 1048576K
}
Event: 1555.790 GC heap after
{Heap after GC invocations=156 (full 146):
 garbage-first heap   total 40960K, used 13067K [0x00000000c1600000, 0x0000000100000000)
  region size 1024K, 0 young (0K), 0 survivors (0K)
 Metaspace       used 31804K, committed 32256K, reserved 1081344K
  class space    used 4105K, committed 4288K, reserved 1048576K
}
Event: 1567.309 GC heap before
{Heap before GC invocations=156 (full 146):
 garbage-first heap   total 40960K, used 13067K [0x00000000c1600000, 0x0000000100000000)
  region size 1024K, 1 young (1024K), 0 survivors (0K)
 Metaspace       used 31804K, committed 32256K, reserved 1081344K
  class space    used 4105K, committed 4288K, reserved 1048576K
}
Event: 1567.348 GC heap after
{Heap after GC invocations=157 (full 147):
 garbage-first heap   total 40960K, used 13067K [0x00000000c1600000, 0x0000000100000000)
  region size 1024K, 0 young (0K), 0 survivors (0K)
 Metaspace       used 31804K, committed 32256K, reserved 1081344K
  class space    used 4105K, committed 4288K, reserved 1048576K
}
Event: 1577.889 GC heap before
{Heap before GC invocations=157 (full 147):
 garbage-first heap   total 40960K, used 13067K [0x00000000c1600000, 0x0000000100000000)
  region size 1024K, 1 young (1024K), 0 survivors (0K)
 Metaspace       used 31804K, committed 32256K, reserved 1081344K
  class space    used 4105K, committed 4288K, reserved 1048576K
}
Event: 1577.927 GC heap after
{Heap after GC invocations=158 (full 148):
 garbage-first heap   total 40960K, used 13067K [0x00000000c1600000, 0x0000000100000000)
  region size 1024K, 0 young (0K), 0 survivors (0K)
 Metaspace       used 31804K, committed 32256K, reserved 1081344K
  class space    used 4105K, committed 4288K, reserved 1048576K
}
Event: 1588.295 GC heap before
{Heap before GC invocations=158 (full 148):
 garbage-first heap   total 40960K, used 13067K [0x00000000c1600000, 0x0000000100000000)
  region size 1024K, 1 young (1024K), 0 survivors (0K)
 Metaspace       used 31804K, committed 32256K, reserved 1081344K
  class space    used 4105K, committed 4288K, reserved 1048576K
}
Event: 1588.330 GC heap after
{Heap after GC invocations=159 (full 149):
 garbage-first heap   total 40960K, used 13067K [0x00000000c1600000, 0x0000000100000000)
  region size 1024K, 0 young (0K), 0 survivors (0K)
 Metaspace       used 31804K, committed 32256K, reserved 1081344K
  class space    used 4105K, committed 4288K, reserved 1048576K
}
Event: 1598.766 GC heap before
{Heap before GC invocations=159 (full 149):
 garbage-first heap   total 40960K, used 13067K [0x00000000c1600000, 0x0000000100000000)
  region size 1024K, 1 young (1024K), 0 survivors (0K)
 Metaspace       used 31804K, committed 32256K, reserved 1081344K
  class space    used 4105K, committed 4288K, reserved 1048576K
}
Event: 1598.804 GC heap after
{Heap after GC invocations=160 (full 150):
 garbage-first heap   total 40960K, used 13067K [0x00000000c1600000, 0x0000000100000000)
  region size 1024K, 0 young (0K), 0 survivors (0K)
 Metaspace       used 31804K, committed 32256K, reserved 1081344K
  class space    used 4105K, committed 4288K, reserved 1048576K
}

